2023-12-18 21:12:40 INFO  HomePage :61 - Enter Computer Link [[ChromeDriver: chrome on windows (192a80a371613f8b1a8310098bcbc0a8)] -> link text: Computers]
2023-12-18 21:12:952 INFO  HomePage :18 - Enter On Desktops [[ChromeDriver: chrome on windows (192a80a371613f8b1a8310098bcbc0a8)] -> xpath: (//a[normalize-space()='Desktops'])[3]]
2023-12-18 21:12:53 INFO  HomePage :70 - Getting computer Text Proxy element for: DefaultElementLocator 'By.xpath: (//h1[normalize-space()='Computers'])[1]'
2023-12-18 21:12:734 INFO  HomePage :61 - Enter Computer Link [[ChromeDriver: chrome on windows (47322454d1e740d6d4447a9bcc0cc162)] -> link text: Computers]
2023-12-18 21:12:333 INFO  HomePage :18 - Enter On Desktops [[ChromeDriver: chrome on windows (47322454d1e740d6d4447a9bcc0cc162)] -> xpath: (//a[normalize-space()='Desktops'])[3]]
2023-12-18 21:12:372 INFO  DesktopsPage :27 - Click on Build Computer [[ChromeDriver: chrome on windows (47322454d1e740d6d4447a9bcc0cc162)] -> css selector: body > div:nth-child(7) > div:nth-child(3) > div:nth-child(1) > div:nth-child(3) > div:nth-child(1) > div:nth-child(2) > div:nth-child(2) > div:nth-child(2) > div:nth-child(1) > div:nth-child(1) > div:nth-child(1) > div:nth-child(1)]
2023-12-18 21:12:917 INFO  HomePage :61 - Enter Computer Link [[ChromeDriver: chrome on windows (6b765e469433464eb6567222534664bf)] -> link text: Computers]
2023-12-18 21:12:703 INFO  HomePage :18 - Enter On Desktops [[ChromeDriver: chrome on windows (6b765e469433464eb6567222534664bf)] -> xpath: (//a[normalize-space()='Desktops'])[3]]
2023-12-18 21:12:732 INFO  DesktopsPage :27 - Click on Build Computer [[ChromeDriver: chrome on windows (6b765e469433464eb6567222534664bf)] -> css selector: body > div:nth-child(7) > div:nth-child(3) > div:nth-child(1) > div:nth-child(3) > div:nth-child(1) > div:nth-child(2) > div:nth-child(2) > div:nth-child(2) > div:nth-child(1) > div:nth-child(1) > div:nth-child(1) > div:nth-child(1)]
2023-12-18 21:12:820 INFO  HomePage :61 - Enter Computer Link [[ChromeDriver: chrome on windows (4c9e14643c5906191ee93d38a4523201)] -> link text: Computers]
2023-12-18 21:12:334 INFO  HomePage :18 - Enter On Desktops [[ChromeDriver: chrome on windows (4c9e14643c5906191ee93d38a4523201)] -> xpath: (//a[normalize-space()='Desktops'])[3]]
2023-12-18 21:12:353 INFO  DesktopsPage :27 - Click on Build Computer [[ChromeDriver: chrome on windows (4c9e14643c5906191ee93d38a4523201)] -> css selector: body > div:nth-child(7) > div:nth-child(3) > div:nth-child(1) > div:nth-child(3) > div:nth-child(1) > div:nth-child(2) > div:nth-child(2) > div:nth-child(2) > div:nth-child(1) > div:nth-child(1) > div:nth-child(1) > div:nth-child(1)]
2023-12-18 21:12:240 INFO  HomePage :42 - Clicking on login link : [[ChromeDriver: chrome on windows (b567530dd926129c1fd0244987723ffd)] -> link text: Log in]
2023-12-18 21:12:358 INFO  LoginPage :50 - email [[ChromeDriver: chrome on windows (b567530dd926129c1fd0244987723ffd)] -> id: Email]
2023-12-18 21:12:437 INFO  LoginPage :55 - password [[ChromeDriver: chrome on windows (b567530dd926129c1fd0244987723ffd)] -> name: Password]
2023-12-18 21:12:838 INFO  LoginPage :60 - login button [[ChromeDriver: chrome on windows (b567530dd926129c1fd0244987723ffd)] -> xpath: //button[contains(text(),'Log in')]]
2023-12-18 21:12:857 INFO  LoginPage :64 -  Verify Logout Text [[ChromeDriver: chrome on windows (b567530dd926129c1fd0244987723ffd)] -> xpath: //div[@class='message-error validation-summary-errors']]
2023-12-18 21:12:380 INFO  HomePage :42 - Clicking on login link : [[ChromeDriver: chrome on windows (e61b191b4813a3f4e3a1de492b371b4b)] -> link text: Log in]
2023-12-18 21:12:512 INFO  LoginPage :50 - email [[ChromeDriver: chrome on windows (e61b191b4813a3f4e3a1de492b371b4b)] -> id: Email]
2023-12-18 21:12:640 INFO  LoginPage :55 - password [[ChromeDriver: chrome on windows (e61b191b4813a3f4e3a1de492b371b4b)] -> name: Password]
2023-12-18 21:12:104 INFO  LoginPage :60 - login button [[ChromeDriver: chrome on windows (e61b191b4813a3f4e3a1de492b371b4b)] -> xpath: //button[contains(text(),'Log in')]]
2023-12-18 21:12:149 INFO  LoginPage :75 - logout Link Proxy element for: DefaultElementLocator 'By.linkText: Log out'
2023-12-18 21:12:108 INFO  HomePage :47 - Clicking on register link : [[ChromeDriver: chrome on windows (d2f9c34a210ea775aeb0a58e747ccdc4)] -> link text: Register]
2023-12-18 21:12:834 INFO  HomePage :47 - Clicking on register link : [[ChromeDriver: chrome on windows (58d01f35c03131bd845499bcf0f82523)] -> link text: Register]
2023-12-18 21:12:837 INFO  HomePage :47 - Clicking on register link : [[ChromeDriver: chrome on windows (04389f932c8cd97f1ed09f477b238d95)] -> link text: Register]
2023-12-18 21:12:287 INFO  HomePage :47 - Clicking on register link : [[ChromeDriver: chrome on windows (154b077070d5bf12eb50b60f3eabca79)] -> link text: Register]
2023-12-18 21:12:678 INFO  HomePage :47 - Clicking on register link : [[ChromeDriver: chrome on windows (7048698a2c792fd7da8d14dcd5978c5c)] -> link text: Register]
2023-12-18 21:12:780 INFO  HomePage :80 - Enter first name [[ChromeDriver: chrome on windows (7048698a2c792fd7da8d14dcd5978c5c)] -> id: FirstName]
2023-12-18 21:12:909 INFO  HomePage :85 - Enter last name [[ChromeDriver: chrome on windows (7048698a2c792fd7da8d14dcd5978c5c)] -> id: LastName]
2023-12-18 21:12:986 INFO  HomePage :90 - Enter Date [[ChromeDriver: chrome on windows (7048698a2c792fd7da8d14dcd5978c5c)] -> xpath: /html[1]/body[1]/div[6]/div[3]/div[1]/div[1]/div[1]/div[2]/form[1]/div[1]/div[2]/div[4]/div[1]/select[1]]
2023-12-18 21:12:99 INFO  HomePage :95 - Enter Date [[ChromeDriver: chrome on windows (7048698a2c792fd7da8d14dcd5978c5c)] -> xpath: /html[1]/body[1]/div[6]/div[3]/div[1]/div[1]/div[1]/div[2]/form[1]/div[1]/div[2]/div[4]/div[1]/select[2]]
2023-12-18 21:12:202 INFO  HomePage :100 - Enter Date [[ChromeDriver: chrome on windows (7048698a2c792fd7da8d14dcd5978c5c)] -> xpath: /html[1]/body[1]/div[6]/div[3]/div[1]/div[1]/div[1]/div[2]/form[1]/div[1]/div[2]/div[4]/div[1]/select[3]]
2023-12-18 21:12:315 INFO  HomePage :105 - Enter Email [[ChromeDriver: chrome on windows (7048698a2c792fd7da8d14dcd5978c5c)] -> name: Email]
2023-12-18 21:12:392 INFO  HomePage :110 - Enter Password [[ChromeDriver: chrome on windows (7048698a2c792fd7da8d14dcd5978c5c)] -> id: Password]
2023-12-18 21:12:459 INFO  HomePage :115 - Enter confirmPassword [[ChromeDriver: chrome on windows (7048698a2c792fd7da8d14dcd5978c5c)] -> id: ConfirmPassword]
2023-12-18 21:12:550 INFO  HomePage :125 - Getting Validation Text [[ChromeDriver: chrome on windows (7048698a2c792fd7da8d14dcd5978c5c)] -> class name: field-validation-error]
2023-12-18 21:12:568 INFO  HomePage :42 - Clicking on login link : [[ChromeDriver: chrome on windows (1c7e81a179358d5b1cbde0a712d3f0f3)] -> link text: Log in]
2023-12-18 21:12:619 INFO  LoginPage :44 - Getting text from : [[ChromeDriver: chrome on windows (1c7e81a179358d5b1cbde0a712d3f0f3)] -> xpath: //h1[contains(text(),'Welcome, Please Sign In!')]]
2023-12-18 21:12:58 INFO  HomePage :42 - Clicking on login link : [[ChromeDriver: chrome on windows (8b4ac3b8398720f4ad67a9b8b458239a)] -> link text: Log in]
2023-12-18 21:12:168 INFO  LoginPage :50 - email [[ChromeDriver: chrome on windows (8b4ac3b8398720f4ad67a9b8b458239a)] -> id: Email]
2023-12-18 21:12:244 INFO  LoginPage :55 - password [[ChromeDriver: chrome on windows (8b4ac3b8398720f4ad67a9b8b458239a)] -> name: Password]
2023-12-18 21:12:136 INFO  LoginPage :60 - login button [[ChromeDriver: chrome on windows (8b4ac3b8398720f4ad67a9b8b458239a)] -> xpath: //button[contains(text(),'Log in')]]
2023-12-18 21:12:170 INFO  LoginPage :70 - Getting Text from [[ChromeDriver: chrome on windows (8b4ac3b8398720f4ad67a9b8b458239a)] -> xpath: //div[@class='message-error validation-summary-errors']]
2023-12-18 21:12:785 INFO  HomePage :42 - Clicking on login link : [[ChromeDriver: chrome on windows (00da3b7fb081327fd881f654b83a7b09)] -> link text: Log in]
2023-12-18 21:12:877 INFO  LoginPage :50 - email [[ChromeDriver: chrome on windows (00da3b7fb081327fd881f654b83a7b09)] -> id: Email]
2023-12-18 21:12:946 INFO  LoginPage :55 - password [[ChromeDriver: chrome on windows (00da3b7fb081327fd881f654b83a7b09)] -> name: Password]
2023-12-18 21:12:277 INFO  LoginPage :60 - login button [[ChromeDriver: chrome on windows (00da3b7fb081327fd881f654b83a7b09)] -> xpath: //button[contains(text(),'Log in')]]
2023-12-18 21:12:353 INFO  LoginPage :64 -  Verify Logout Text [[ChromeDriver: chrome on windows (00da3b7fb081327fd881f654b83a7b09)] -> xpath: //div[@class='message-error validation-summary-errors']]
2023-12-18 21:12:779 INFO  HomePage :42 - Clicking on login link : [[ChromeDriver: chrome on windows (cbba999767fec50c31a54332185daa07)] -> link text: Log in]
2023-12-18 21:12:880 INFO  LoginPage :50 - email [[ChromeDriver: chrome on windows (cbba999767fec50c31a54332185daa07)] -> id: Email]
2023-12-18 21:12:974 INFO  LoginPage :55 - password [[ChromeDriver: chrome on windows (cbba999767fec50c31a54332185daa07)] -> name: Password]
2023-12-18 21:12:347 INFO  LoginPage :60 - login button [[ChromeDriver: chrome on windows (cbba999767fec50c31a54332185daa07)] -> xpath: //button[contains(text(),'Log in')]]
2023-12-18 21:12:422 INFO  LoginPage :75 - logout Link Proxy element for: DefaultElementLocator 'By.linkText: Log out'
2023-12-18 21:12:988 INFO  HomePage :47 - Clicking on register link : [[ChromeDriver: chrome on windows (e801ccaf880087bf20f871d4865e3648)] -> link text: Register]
2023-12-18 21:12:29 INFO  HomePage :71 - Getting register text [[ChromeDriver: chrome on windows (e801ccaf880087bf20f871d4865e3648)] -> css selector: div[class='page-title'] h1]
2023-12-18 21:12:465 INFO  HomePage :47 - Clicking on register link : [[ChromeDriver: chrome on windows (dc8652de4b29882cd7e50e290f6fa631)] -> link text: Register]
2023-12-18 21:12:736 INFO  HomePage :47 - Clicking on register link : [[ChromeDriver: chrome on windows (c2d5b701da032e022f7c758475364640)] -> link text: Register]
2023-12-18 21:12:538 INFO  HomePage :47 - Clicking on register link : [[ChromeDriver: chrome on windows (326c2f78a43c55e36a55522c0d090621)] -> link text: Register]
2023-12-18 21:12:726 INFO  HomePage :47 - Clicking on register link : [[ChromeDriver: chrome on windows (0ca7e36b1458ed930efbe350045b888c)] -> link text: Register]
2023-12-18 21:12:159 INFO  HomePage :47 - Clicking on register link : [[ChromeDriver: chrome on windows (80a3e852d098445f7fbc99d9577df10c)] -> link text: Register]
2023-12-18 21:12:308 INFO  HomePage :80 - Enter first name [[ChromeDriver: chrome on windows (80a3e852d098445f7fbc99d9577df10c)] -> id: FirstName]
2023-12-18 21:12:427 INFO  HomePage :85 - Enter last name [[ChromeDriver: chrome on windows (80a3e852d098445f7fbc99d9577df10c)] -> id: LastName]
2023-12-18 21:12:503 INFO  HomePage :90 - Enter Date [[ChromeDriver: chrome on windows (80a3e852d098445f7fbc99d9577df10c)] -> xpath: /html[1]/body[1]/div[6]/div[3]/div[1]/div[1]/div[1]/div[2]/form[1]/div[1]/div[2]/div[4]/div[1]/select[1]]
2023-12-18 21:12:628 INFO  HomePage :95 - Enter Date [[ChromeDriver: chrome on windows (80a3e852d098445f7fbc99d9577df10c)] -> xpath: /html[1]/body[1]/div[6]/div[3]/div[1]/div[1]/div[1]/div[2]/form[1]/div[1]/div[2]/div[4]/div[1]/select[2]]
2023-12-18 21:12:693 INFO  HomePage :100 - Enter Date [[ChromeDriver: chrome on windows (80a3e852d098445f7fbc99d9577df10c)] -> xpath: /html[1]/body[1]/div[6]/div[3]/div[1]/div[1]/div[1]/div[2]/form[1]/div[1]/div[2]/div[4]/div[1]/select[3]]
2023-12-18 21:12:769 INFO  HomePage :105 - Enter Email [[ChromeDriver: chrome on windows (80a3e852d098445f7fbc99d9577df10c)] -> name: Email]
2023-12-18 21:12:835 INFO  HomePage :110 - Enter Password [[ChromeDriver: chrome on windows (80a3e852d098445f7fbc99d9577df10c)] -> id: Password]
2023-12-18 21:12:897 INFO  HomePage :115 - Enter confirmPassword [[ChromeDriver: chrome on windows (80a3e852d098445f7fbc99d9577df10c)] -> id: ConfirmPassword]
2023-12-18 21:12:974 INFO  HomePage :125 - Getting Validation Text [[ChromeDriver: chrome on windows (80a3e852d098445f7fbc99d9577df10c)] -> class name: field-validation-error]
2023-12-18 21:12:848 INFO  HomePage :61 - Enter Computer Link [[ChromeDriver: chrome on windows (766a0e94879084fa7c9976ae6af74a4c)] -> link text: Computers]
2023-12-18 21:12:870 INFO  HomePage :70 - Getting computer Text [[ChromeDriver: chrome on windows (766a0e94879084fa7c9976ae6af74a4c)] -> xpath: (//h1[normalize-space()='Computers'])[1]]
2023-12-18 21:12:645 INFO  HomePage :61 - Enter Computer Link [[ChromeDriver: chrome on windows (3e01b210dadc101f9f42fe969b46da6a)] -> link text: Computers]
2023-12-18 21:12:142 INFO  HomePage :18 - Enter On Desktops [[ChromeDriver: chrome on windows (3e01b210dadc101f9f42fe969b46da6a)] -> xpath: (//a[normalize-space()='Desktops'])[3]]
2023-12-18 21:12:203 INFO  HomePage :70 - Getting computer Text Proxy element for: DefaultElementLocator 'By.xpath: (//h1[normalize-space()='Computers'])[1]'
2023-12-18 21:12:601 INFO  HomePage :61 - Enter Computer Link [[ChromeDriver: chrome on windows (59a0223da5e147cd3129437378acc8a0)] -> link text: Computers]
2023-12-18 21:12:162 INFO  HomePage :18 - Enter On Desktops [[ChromeDriver: chrome on windows (59a0223da5e147cd3129437378acc8a0)] -> xpath: (//a[normalize-space()='Desktops'])[3]]
2023-12-18 21:12:202 INFO  DesktopsPage :27 - Click on Build Computer [[ChromeDriver: chrome on windows (59a0223da5e147cd3129437378acc8a0)] -> css selector: body > div:nth-child(7) > div:nth-child(3) > div:nth-child(1) > div:nth-child(3) > div:nth-child(1) > div:nth-child(2) > div:nth-child(2) > div:nth-child(2) > div:nth-child(1) > div:nth-child(1) > div:nth-child(1) > div:nth-child(1)]
2023-12-18 21:12:294 INFO  HomePage :61 - Enter Computer Link [[ChromeDriver: chrome on windows (ac06b6cb5799cdbddeeecff2ac4b7d54)] -> link text: Computers]
2023-12-18 21:12:909 INFO  HomePage :18 - Enter On Desktops [[ChromeDriver: chrome on windows (ac06b6cb5799cdbddeeecff2ac4b7d54)] -> xpath: (//a[normalize-space()='Desktops'])[3]]
2023-12-18 21:12:943 INFO  DesktopsPage :27 - Click on Build Computer [[ChromeDriver: chrome on windows (ac06b6cb5799cdbddeeecff2ac4b7d54)] -> css selector: body > div:nth-child(7) > div:nth-child(3) > div:nth-child(1) > div:nth-child(3) > div:nth-child(1) > div:nth-child(2) > div:nth-child(2) > div:nth-child(2) > div:nth-child(1) > div:nth-child(1) > div:nth-child(1) > div:nth-child(1)]
2023-12-18 21:12:915 INFO  HomePage :61 - Enter Computer Link [[ChromeDriver: chrome on windows (1eb5a2d66dd2bf9dcde63db884479695)] -> link text: Computers]
2023-12-18 21:12:519 INFO  HomePage :18 - Enter On Desktops [[ChromeDriver: chrome on windows (1eb5a2d66dd2bf9dcde63db884479695)] -> xpath: (//a[normalize-space()='Desktops'])[3]]
2023-12-18 21:12:541 INFO  DesktopsPage :27 - Click on Build Computer [[ChromeDriver: chrome on windows (1eb5a2d66dd2bf9dcde63db884479695)] -> css selector: body > div:nth-child(7) > div:nth-child(3) > div:nth-child(1) > div:nth-child(3) > div:nth-child(1) > div:nth-child(2) > div:nth-child(2) > div:nth-child(2) > div:nth-child(1) > div:nth-child(1) > div:nth-child(1) > div:nth-child(1)]
2023-12-18 22:12:415 INFO  HomePage :61 - Enter Computer Link [[ChromeDriver: chrome on windows (d6fbcbbfbe0fedb3159d7fcb44f8ab79)] -> link text: Computers]
2023-12-18 22:12:705 INFO  HomePage :18 - Enter On Desktops [[ChromeDriver: chrome on windows (d6fbcbbfbe0fedb3159d7fcb44f8ab79)] -> xpath: (//a[normalize-space()='Desktops'])[3]]
2023-12-18 22:12:774 INFO  HomePage :70 - Getting computer Text Proxy element for: DefaultElementLocator 'By.xpath: (//h1[normalize-space()='Computers'])[1]'
2023-12-18 22:12:610 INFO  HomePage :61 - Enter Computer Link [[ChromeDriver: chrome on windows (a8cae56034a7189e4441affc5f5bb925)] -> link text: Computers]
2023-12-18 22:12:180 INFO  HomePage :18 - Enter On Desktops [[ChromeDriver: chrome on windows (a8cae56034a7189e4441affc5f5bb925)] -> xpath: (//a[normalize-space()='Desktops'])[3]]
2023-12-18 22:12:204 INFO  DesktopsPage :27 - Click on Build Computer [[ChromeDriver: chrome on windows (a8cae56034a7189e4441affc5f5bb925)] -> css selector: body > div:nth-child(7) > div:nth-child(3) > div:nth-child(1) > div:nth-child(3) > div:nth-child(1) > div:nth-child(2) > div:nth-child(2) > div:nth-child(2) > div:nth-child(1) > div:nth-child(1) > div:nth-child(1) > div:nth-child(1)]
2023-12-18 22:12:904 INFO  HomePage :61 - Enter Computer Link [[ChromeDriver: chrome on windows (cbfcd98036c63cb22e13ef49a9d8b22e)] -> link text: Computers]
2023-12-18 22:12:676 INFO  HomePage :18 - Enter On Desktops [[ChromeDriver: chrome on windows (cbfcd98036c63cb22e13ef49a9d8b22e)] -> xpath: (//a[normalize-space()='Desktops'])[3]]
2023-12-18 22:12:696 INFO  DesktopsPage :27 - Click on Build Computer [[ChromeDriver: chrome on windows (cbfcd98036c63cb22e13ef49a9d8b22e)] -> css selector: body > div:nth-child(7) > div:nth-child(3) > div:nth-child(1) > div:nth-child(3) > div:nth-child(1) > div:nth-child(2) > div:nth-child(2) > div:nth-child(2) > div:nth-child(1) > div:nth-child(1) > div:nth-child(1) > div:nth-child(1)]
2023-12-18 22:12:284 INFO  HomePage :61 - Enter Computer Link [[ChromeDriver: chrome on windows (2d7b4c2b9b1b68470da33ec2ff568b48)] -> link text: Computers]
2023-12-18 22:12:359 INFO  HomePage :18 - Enter On Desktops [[ChromeDriver: chrome on windows (2d7b4c2b9b1b68470da33ec2ff568b48)] -> xpath: (//a[normalize-space()='Desktops'])[3]]
2023-12-18 22:12:383 INFO  DesktopsPage :27 - Click on Build Computer [[ChromeDriver: chrome on windows (2d7b4c2b9b1b68470da33ec2ff568b48)] -> css selector: body > div:nth-child(7) > div:nth-child(3) > div:nth-child(1) > div:nth-child(3) > div:nth-child(1) > div:nth-child(2) > div:nth-child(2) > div:nth-child(2) > div:nth-child(1) > div:nth-child(1) > div:nth-child(1) > div:nth-child(1)]
2023-12-18 22:12:583 INFO  HomePage :42 - Clicking on login link : [[ChromeDriver: chrome on windows (b700e161a53491fca180658f43ac7f2f)] -> link text: Log in]
2023-12-18 22:12:682 INFO  LoginPage :50 - email [[ChromeDriver: chrome on windows (b700e161a53491fca180658f43ac7f2f)] -> id: Email]
2023-12-18 22:12:766 INFO  LoginPage :55 - password [[ChromeDriver: chrome on windows (b700e161a53491fca180658f43ac7f2f)] -> name: Password]
2023-12-18 22:12:238 INFO  LoginPage :60 - login button [[ChromeDriver: chrome on windows (b700e161a53491fca180658f43ac7f2f)] -> xpath: //button[contains(text(),'Log in')]]
2023-12-18 22:12:268 INFO  LoginPage :64 -  Verify Logout Text [[ChromeDriver: chrome on windows (b700e161a53491fca180658f43ac7f2f)] -> xpath: //div[@class='message-error validation-summary-errors']]
2023-12-18 22:12:428 INFO  HomePage :42 - Clicking on login link : [[ChromeDriver: chrome on windows (2aaad0fb2ce72dedb5d337f5560db00f)] -> link text: Log in]
2023-12-18 22:12:593 INFO  LoginPage :50 - email [[ChromeDriver: chrome on windows (2aaad0fb2ce72dedb5d337f5560db00f)] -> id: Email]
2023-12-18 22:12:782 INFO  LoginPage :55 - password [[ChromeDriver: chrome on windows (2aaad0fb2ce72dedb5d337f5560db00f)] -> name: Password]
2023-12-18 22:12:239 INFO  LoginPage :60 - login button [[ChromeDriver: chrome on windows (2aaad0fb2ce72dedb5d337f5560db00f)] -> xpath: //button[contains(text(),'Log in')]]
2023-12-18 22:12:309 INFO  LoginPage :75 - logout Link Proxy element for: DefaultElementLocator 'By.linkText: Log out'
2023-12-18 22:12:395 INFO  HomePage :47 - Clicking on register link : [[ChromeDriver: chrome on windows (5e2dde6e17a8553cec74f5f725f40067)] -> link text: Register]
2023-12-18 22:12:810 INFO  HomePage :47 - Clicking on register link : [[ChromeDriver: chrome on windows (f94c5d50410fd7be40f7979aa1cbd942)] -> link text: Register]
2023-12-18 22:12:416 INFO  HomePage :47 - Clicking on register link : [[ChromeDriver: chrome on windows (ef4a08211a43427ceb8ccb169409f347)] -> link text: Register]
2023-12-18 22:12:180 INFO  HomePage :47 - Clicking on register link : [[ChromeDriver: chrome on windows (4edfe138c1faaa5cf389f92023da6f48)] -> link text: Register]
2023-12-18 22:12:750 INFO  HomePage :47 - Clicking on register link : [[ChromeDriver: chrome on windows (1fc04afd11429084f6767110f02134a5)] -> link text: Register]
2023-12-18 22:12:860 INFO  HomePage :80 - Enter first name [[ChromeDriver: chrome on windows (1fc04afd11429084f6767110f02134a5)] -> id: FirstName]
2023-12-18 22:12:959 INFO  HomePage :85 - Enter last name [[ChromeDriver: chrome on windows (1fc04afd11429084f6767110f02134a5)] -> id: LastName]
2023-12-18 22:12:41 INFO  HomePage :90 - Enter Date [[ChromeDriver: chrome on windows (1fc04afd11429084f6767110f02134a5)] -> xpath: /html[1]/body[1]/div[6]/div[3]/div[1]/div[1]/div[1]/div[2]/form[1]/div[1]/div[2]/div[4]/div[1]/select[1]]
2023-12-18 22:12:156 INFO  HomePage :95 - Enter Date [[ChromeDriver: chrome on windows (1fc04afd11429084f6767110f02134a5)] -> xpath: /html[1]/body[1]/div[6]/div[3]/div[1]/div[1]/div[1]/div[2]/form[1]/div[1]/div[2]/div[4]/div[1]/select[2]]
2023-12-18 22:12:256 INFO  HomePage :100 - Enter Date [[ChromeDriver: chrome on windows (1fc04afd11429084f6767110f02134a5)] -> xpath: /html[1]/body[1]/div[6]/div[3]/div[1]/div[1]/div[1]/div[2]/form[1]/div[1]/div[2]/div[4]/div[1]/select[3]]
2023-12-18 22:12:386 INFO  HomePage :105 - Enter Email [[ChromeDriver: chrome on windows (1fc04afd11429084f6767110f02134a5)] -> name: Email]
2023-12-18 22:12:480 INFO  HomePage :110 - Enter Password [[ChromeDriver: chrome on windows (1fc04afd11429084f6767110f02134a5)] -> id: Password]
2023-12-18 22:12:580 INFO  HomePage :115 - Enter confirmPassword [[ChromeDriver: chrome on windows (1fc04afd11429084f6767110f02134a5)] -> id: ConfirmPassword]
2023-12-18 22:12:723 INFO  HomePage :125 - Getting Validation Text Proxy element for: DefaultElementLocator 'By.className: field-validation-error'
2023-12-19 14:12:801 INFO  HomePage :61 - Enter Computer Link [[ChromeDriver: chrome on windows (465edac296c9118b6df1e19c40b60987)] -> link text: Computers]
2023-12-19 14:12:300 INFO  HomePage :18 - Enter On Desktops [[ChromeDriver: chrome on windows (465edac296c9118b6df1e19c40b60987)] -> xpath: (//a[normalize-space()='Desktops'])[3]]
2023-12-19 14:12:374 INFO  HomePage :70 - Getting computer Text Proxy element for: DefaultElementLocator 'By.xpath: (//h1[normalize-space()='Computers'])[1]'
2023-12-19 14:12:647 INFO  HomePage :61 - Enter Computer Link [[ChromeDriver: chrome on windows (6515c663bd635b4b359140c32631d12c)] -> link text: Computers]
2023-12-19 14:12:97 INFO  HomePage :18 - Enter On Desktops [[ChromeDriver: chrome on windows (6515c663bd635b4b359140c32631d12c)] -> xpath: (//a[normalize-space()='Desktops'])[3]]
2023-12-19 14:12:123 INFO  DesktopsPage :27 - Click on Build Computer [[ChromeDriver: chrome on windows (6515c663bd635b4b359140c32631d12c)] -> css selector: body > div:nth-child(7) > div:nth-child(3) > div:nth-child(1) > div:nth-child(3) > div:nth-child(1) > div:nth-child(2) > div:nth-child(2) > div:nth-child(2) > div:nth-child(1) > div:nth-child(1) > div:nth-child(1) > div:nth-child(1)]
2023-12-19 14:12:566 INFO  HomePage :61 - Enter Computer Link [[ChromeDriver: chrome on windows (3513232f535cdb063ffa9fc035e6551a)] -> link text: Computers]
2023-12-19 14:12:07 INFO  HomePage :18 - Enter On Desktops [[ChromeDriver: chrome on windows (3513232f535cdb063ffa9fc035e6551a)] -> xpath: (//a[normalize-space()='Desktops'])[3]]
2023-12-19 14:12:36 INFO  DesktopsPage :27 - Click on Build Computer [[ChromeDriver: chrome on windows (3513232f535cdb063ffa9fc035e6551a)] -> css selector: body > div:nth-child(7) > div:nth-child(3) > div:nth-child(1) > div:nth-child(3) > div:nth-child(1) > div:nth-child(2) > div:nth-child(2) > div:nth-child(2) > div:nth-child(1) > div:nth-child(1) > div:nth-child(1) > div:nth-child(1)]
2023-12-19 14:12:789 INFO  HomePage :61 - Enter Computer Link [[ChromeDriver: chrome on windows (e01faa2f4df256ca0c6d995b29bd75f2)] -> link text: Computers]
2023-12-19 14:12:271 INFO  HomePage :18 - Enter On Desktops [[ChromeDriver: chrome on windows (e01faa2f4df256ca0c6d995b29bd75f2)] -> xpath: (//a[normalize-space()='Desktops'])[3]]
2023-12-19 14:12:296 INFO  DesktopsPage :27 - Click on Build Computer [[ChromeDriver: chrome on windows (e01faa2f4df256ca0c6d995b29bd75f2)] -> css selector: body > div:nth-child(7) > div:nth-child(3) > div:nth-child(1) > div:nth-child(3) > div:nth-child(1) > div:nth-child(2) > div:nth-child(2) > div:nth-child(2) > div:nth-child(1) > div:nth-child(1) > div:nth-child(1) > div:nth-child(1)]
2023-12-19 14:12:279 INFO  HomePage :42 - Clicking on login link : [[ChromeDriver: chrome on windows (5818f7e97b96ede5534d315c28af9bd4)] -> link text: Log in]
2023-12-19 14:12:374 INFO  LoginPage :50 - email [[ChromeDriver: chrome on windows (5818f7e97b96ede5534d315c28af9bd4)] -> id: Email]
2023-12-19 14:12:454 INFO  LoginPage :55 - password [[ChromeDriver: chrome on windows (5818f7e97b96ede5534d315c28af9bd4)] -> name: Password]
2023-12-19 14:12:869 INFO  LoginPage :60 - login button [[ChromeDriver: chrome on windows (5818f7e97b96ede5534d315c28af9bd4)] -> xpath: //button[contains(text(),'Log in')]]
2023-12-19 14:12:887 INFO  LoginPage :64 -  Verify Logout Text [[ChromeDriver: chrome on windows (5818f7e97b96ede5534d315c28af9bd4)] -> xpath: //div[@class='message-error validation-summary-errors']]
2023-12-19 14:12:154 INFO  HomePage :42 - Clicking on login link : [[ChromeDriver: chrome on windows (6efa2261220749f827c2a98fa04fbe82)] -> link text: Log in]
2023-12-19 14:12:244 INFO  LoginPage :50 - email [[ChromeDriver: chrome on windows (6efa2261220749f827c2a98fa04fbe82)] -> id: Email]
2023-12-19 14:12:313 INFO  LoginPage :55 - password [[ChromeDriver: chrome on windows (6efa2261220749f827c2a98fa04fbe82)] -> name: Password]
2023-12-19 14:12:628 INFO  LoginPage :60 - login button [[ChromeDriver: chrome on windows (6efa2261220749f827c2a98fa04fbe82)] -> xpath: //button[contains(text(),'Log in')]]
2023-12-19 14:12:692 INFO  LoginPage :75 - logout Link Proxy element for: DefaultElementLocator 'By.linkText: Log out'
2023-12-19 14:12:389 INFO  HomePage :47 - Clicking on register link : [[ChromeDriver: chrome on windows (20cc6aa579f46a4cdb204305565c52ad)] -> link text: Register]
2023-12-19 14:12:863 INFO  HomePage :47 - Clicking on register link : [[ChromeDriver: chrome on windows (c49402ab13ba622425fde3195175f379)] -> link text: Register]
2023-12-19 14:12:578 INFO  HomePage :47 - Clicking on register link : [[ChromeDriver: chrome on windows (5dd89de30ba08592d5b989e6db761288)] -> link text: Register]
2023-12-19 14:12:673 INFO  HomePage :47 - Clicking on register link : [[ChromeDriver: chrome on windows (17b46dfac592f2ea6ca958c24852fbf5)] -> link text: Register]
2023-12-19 14:12:517 INFO  HomePage :47 - Clicking on register link : [[ChromeDriver: chrome on windows (9dde1bcbd3a270cb821ff20c1fd696c1)] -> link text: Register]
2023-12-19 14:12:599 INFO  HomePage :80 - Enter first name [[ChromeDriver: chrome on windows (9dde1bcbd3a270cb821ff20c1fd696c1)] -> id: FirstName]
2023-12-19 14:12:678 INFO  HomePage :85 - Enter last name [[ChromeDriver: chrome on windows (9dde1bcbd3a270cb821ff20c1fd696c1)] -> id: LastName]
2023-12-19 14:12:752 INFO  HomePage :90 - Enter Date [[ChromeDriver: chrome on windows (9dde1bcbd3a270cb821ff20c1fd696c1)] -> xpath: /html[1]/body[1]/div[6]/div[3]/div[1]/div[1]/div[1]/div[2]/form[1]/div[1]/div[2]/div[4]/div[1]/select[1]]
2023-12-19 14:12:832 INFO  HomePage :95 - Enter Date [[ChromeDriver: chrome on windows (9dde1bcbd3a270cb821ff20c1fd696c1)] -> xpath: /html[1]/body[1]/div[6]/div[3]/div[1]/div[1]/div[1]/div[2]/form[1]/div[1]/div[2]/div[4]/div[1]/select[2]]
2023-12-19 14:12:934 INFO  HomePage :100 - Enter Date [[ChromeDriver: chrome on windows (9dde1bcbd3a270cb821ff20c1fd696c1)] -> xpath: /html[1]/body[1]/div[6]/div[3]/div[1]/div[1]/div[1]/div[2]/form[1]/div[1]/div[2]/div[4]/div[1]/select[3]]
2023-12-19 14:12:10 INFO  HomePage :105 - Enter Email [[ChromeDriver: chrome on windows (9dde1bcbd3a270cb821ff20c1fd696c1)] -> name: Email]
2023-12-19 14:12:121 INFO  HomePage :110 - Enter Password [[ChromeDriver: chrome on windows (9dde1bcbd3a270cb821ff20c1fd696c1)] -> id: Password]
2023-12-19 14:12:245 INFO  HomePage :115 - Enter confirmPassword [[ChromeDriver: chrome on windows (9dde1bcbd3a270cb821ff20c1fd696c1)] -> id: ConfirmPassword]
2023-12-19 14:12:354 INFO  HomePage :125 - Getting Validation Text [[ChromeDriver: chrome on windows (9dde1bcbd3a270cb821ff20c1fd696c1)] -> class name: field-validation-error]
2023-12-19 14:12:229 INFO  HomePage :47 - Clicking on register link : [[ChromeDriver: chrome on windows (ac420c284e72d34f6a2c9e1757a46d81)] -> link text: Register]
2023-12-19 14:12:249 INFO  HomePage :71 - Getting register text [[ChromeDriver: chrome on windows (ac420c284e72d34f6a2c9e1757a46d81)] -> css selector: div[class='page-title'] h1]
2023-12-19 14:12:387 INFO  HomePage :47 - Clicking on register link : [[ChromeDriver: chrome on windows (948d6f03f603896c839ab613da0ebd11)] -> link text: Register]
2023-12-19 14:12:30 INFO  HomePage :47 - Clicking on register link : [[ChromeDriver: chrome on windows (61f383ff8110bce1921681e543e86db3)] -> link text: Register]
2023-12-19 14:12:628 INFO  HomePage :47 - Clicking on register link : [[ChromeDriver: chrome on windows (8ab25829314d34bb8b0ed91db23ee959)] -> link text: Register]
2023-12-19 14:12:635 INFO  HomePage :47 - Clicking on register link : [[ChromeDriver: chrome on windows (11c3d10fe1723c2cab44b4649dadbf94)] -> link text: Register]
2023-12-19 14:12:968 INFO  HomePage :47 - Clicking on register link : [[ChromeDriver: chrome on windows (e1a51e75a1d4ad388fb0f3857856e1e4)] -> link text: Register]
2023-12-19 14:12:37 INFO  HomePage :80 - Enter first name [[ChromeDriver: chrome on windows (e1a51e75a1d4ad388fb0f3857856e1e4)] -> id: FirstName]
2023-12-19 14:12:95 INFO  HomePage :85 - Enter last name [[ChromeDriver: chrome on windows (e1a51e75a1d4ad388fb0f3857856e1e4)] -> id: LastName]
2023-12-19 14:12:141 INFO  HomePage :90 - Enter Date [[ChromeDriver: chrome on windows (e1a51e75a1d4ad388fb0f3857856e1e4)] -> xpath: /html[1]/body[1]/div[6]/div[3]/div[1]/div[1]/div[1]/div[2]/form[1]/div[1]/div[2]/div[4]/div[1]/select[1]]
2023-12-19 14:12:213 INFO  HomePage :95 - Enter Date [[ChromeDriver: chrome on windows (e1a51e75a1d4ad388fb0f3857856e1e4)] -> xpath: /html[1]/body[1]/div[6]/div[3]/div[1]/div[1]/div[1]/div[2]/form[1]/div[1]/div[2]/div[4]/div[1]/select[2]]
2023-12-19 14:12:268 INFO  HomePage :100 - Enter Date [[ChromeDriver: chrome on windows (e1a51e75a1d4ad388fb0f3857856e1e4)] -> xpath: /html[1]/body[1]/div[6]/div[3]/div[1]/div[1]/div[1]/div[2]/form[1]/div[1]/div[2]/div[4]/div[1]/select[3]]
2023-12-19 14:12:324 INFO  HomePage :105 - Enter Email [[ChromeDriver: chrome on windows (e1a51e75a1d4ad388fb0f3857856e1e4)] -> name: Email]
2023-12-19 14:12:374 INFO  HomePage :110 - Enter Password [[ChromeDriver: chrome on windows (e1a51e75a1d4ad388fb0f3857856e1e4)] -> id: Password]
2023-12-19 14:12:426 INFO  HomePage :115 - Enter confirmPassword [[ChromeDriver: chrome on windows (e1a51e75a1d4ad388fb0f3857856e1e4)] -> id: ConfirmPassword]
2023-12-19 14:12:476 INFO  HomePage :125 - Getting Validation Text [[ChromeDriver: chrome on windows (e1a51e75a1d4ad388fb0f3857856e1e4)] -> class name: field-validation-error]
2023-12-19 14:12:509 INFO  HomePage :42 - Clicking on login link : [[ChromeDriver: chrome on windows (ef8bb0abff4ad46aac41f59e924a0e77)] -> link text: Log in]
2023-12-19 14:12:536 INFO  LoginPage :44 - Getting text from : [[ChromeDriver: chrome on windows (ef8bb0abff4ad46aac41f59e924a0e77)] -> xpath: //h1[contains(text(),'Welcome, Please Sign In!')]]
2023-12-19 14:12:232 INFO  HomePage :42 - Clicking on login link : [[ChromeDriver: chrome on windows (901321a10609f338f5461ea5362f959b)] -> link text: Log in]
2023-12-19 14:12:288 INFO  LoginPage :50 - email [[ChromeDriver: chrome on windows (901321a10609f338f5461ea5362f959b)] -> id: Email]
2023-12-19 14:12:340 INFO  LoginPage :55 - password [[ChromeDriver: chrome on windows (901321a10609f338f5461ea5362f959b)] -> name: Password]
2023-12-19 14:12:642 INFO  LoginPage :60 - login button [[ChromeDriver: chrome on windows (901321a10609f338f5461ea5362f959b)] -> xpath: //button[contains(text(),'Log in')]]
2023-12-19 14:12:655 INFO  LoginPage :70 - Getting Text from [[ChromeDriver: chrome on windows (901321a10609f338f5461ea5362f959b)] -> xpath: //div[@class='message-error validation-summary-errors']]
2023-12-19 14:12:702 INFO  HomePage :42 - Clicking on login link : [[ChromeDriver: chrome on windows (040c26b7d6f31fc727cf3795e2402544)] -> link text: Log in]
2023-12-19 14:12:756 INFO  LoginPage :50 - email [[ChromeDriver: chrome on windows (040c26b7d6f31fc727cf3795e2402544)] -> id: Email]
2023-12-19 14:12:806 INFO  LoginPage :55 - password [[ChromeDriver: chrome on windows (040c26b7d6f31fc727cf3795e2402544)] -> name: Password]
2023-12-19 14:12:90 INFO  LoginPage :60 - login button [[ChromeDriver: chrome on windows (040c26b7d6f31fc727cf3795e2402544)] -> xpath: //button[contains(text(),'Log in')]]
2023-12-19 14:12:109 INFO  LoginPage :64 -  Verify Logout Text [[ChromeDriver: chrome on windows (040c26b7d6f31fc727cf3795e2402544)] -> xpath: //div[@class='message-error validation-summary-errors']]
2023-12-19 14:12:19 INFO  HomePage :42 - Clicking on login link : [[ChromeDriver: chrome on windows (368701b943fd35fff3fde68ad253951b)] -> link text: Log in]
2023-12-19 14:12:71 INFO  LoginPage :50 - email [[ChromeDriver: chrome on windows (368701b943fd35fff3fde68ad253951b)] -> id: Email]
2023-12-19 14:12:122 INFO  LoginPage :55 - password [[ChromeDriver: chrome on windows (368701b943fd35fff3fde68ad253951b)] -> name: Password]
2023-12-19 14:12:473 INFO  LoginPage :60 - login button [[ChromeDriver: chrome on windows (368701b943fd35fff3fde68ad253951b)] -> xpath: //button[contains(text(),'Log in')]]
2023-12-19 14:12:529 INFO  LoginPage :75 - logout Link Proxy element for: DefaultElementLocator 'By.linkText: Log out'
2023-12-19 14:12:111 INFO  HomePage :61 - Enter Computer Link [[ChromeDriver: chrome on windows (7b48c823d654aef1fce1bde35561cf7e)] -> link text: Computers]
2023-12-19 14:12:128 INFO  HomePage :70 - Getting computer Text [[ChromeDriver: chrome on windows (7b48c823d654aef1fce1bde35561cf7e)] -> xpath: (//h1[normalize-space()='Computers'])[1]]
2023-12-19 14:12:792 INFO  HomePage :61 - Enter Computer Link [[ChromeDriver: chrome on windows (be9a69fb3bc8eaf4f7aefbefaba651f1)] -> link text: Computers]
2023-12-19 14:12:196 INFO  HomePage :18 - Enter On Desktops [[ChromeDriver: chrome on windows (be9a69fb3bc8eaf4f7aefbefaba651f1)] -> xpath: (//a[normalize-space()='Desktops'])[3]]
2023-12-19 14:12:279 INFO  HomePage :70 - Getting computer Text Proxy element for: DefaultElementLocator 'By.xpath: (//h1[normalize-space()='Computers'])[1]'
2023-12-19 14:12:971 INFO  HomePage :61 - Enter Computer Link [[ChromeDriver: chrome on windows (d48a8e935310e4792496b72b64a987a7)] -> link text: Computers]
2023-12-19 14:12:399 INFO  HomePage :18 - Enter On Desktops [[ChromeDriver: chrome on windows (d48a8e935310e4792496b72b64a987a7)] -> xpath: (//a[normalize-space()='Desktops'])[3]]
2023-12-19 14:12:418 INFO  DesktopsPage :27 - Click on Build Computer [[ChromeDriver: chrome on windows (d48a8e935310e4792496b72b64a987a7)] -> css selector: body > div:nth-child(7) > div:nth-child(3) > div:nth-child(1) > div:nth-child(3) > div:nth-child(1) > div:nth-child(2) > div:nth-child(2) > div:nth-child(2) > div:nth-child(1) > div:nth-child(1) > div:nth-child(1) > div:nth-child(1)]
2023-12-19 14:12:97 INFO  HomePage :61 - Enter Computer Link [[ChromeDriver: chrome on windows (d403b5fa08ed0d1a9de1525bc3f9ed83)] -> link text: Computers]
2023-12-19 14:12:553 INFO  HomePage :18 - Enter On Desktops [[ChromeDriver: chrome on windows (d403b5fa08ed0d1a9de1525bc3f9ed83)] -> xpath: (//a[normalize-space()='Desktops'])[3]]
2023-12-19 14:12:565 INFO  DesktopsPage :27 - Click on Build Computer [[ChromeDriver: chrome on windows (d403b5fa08ed0d1a9de1525bc3f9ed83)] -> css selector: body > div:nth-child(7) > div:nth-child(3) > div:nth-child(1) > div:nth-child(3) > div:nth-child(1) > div:nth-child(2) > div:nth-child(2) > div:nth-child(2) > div:nth-child(1) > div:nth-child(1) > div:nth-child(1) > div:nth-child(1)]
2023-12-19 14:12:510 INFO  HomePage :61 - Enter Computer Link [[ChromeDriver: chrome on windows (78ad8427a95532306718ae7d86364270)] -> link text: Computers]
2023-12-19 14:12:917 INFO  HomePage :18 - Enter On Desktops [[ChromeDriver: chrome on windows (78ad8427a95532306718ae7d86364270)] -> xpath: (//a[normalize-space()='Desktops'])[3]]
2023-12-19 14:12:930 INFO  DesktopsPage :27 - Click on Build Computer [[ChromeDriver: chrome on windows (78ad8427a95532306718ae7d86364270)] -> css selector: body > div:nth-child(7) > div:nth-child(3) > div:nth-child(1) > div:nth-child(3) > div:nth-child(1) > div:nth-child(2) > div:nth-child(2) > div:nth-child(2) > div:nth-child(1) > div:nth-child(1) > div:nth-child(1) > div:nth-child(1)]
